[2015-10-14 14:13:46] START
[2015-10-14 14:16:59] CREATE accounting.py: 0
[2015-10-14 14:21:19] EDIT app1/models/accounting.py: 1
[2015-10-14 14:22:50] EDIT app1/models/accounting.py: 1
[2015-10-14 14:23:15] EDIT app1/models/accounting.py: 2
[2015-10-14 14:23:38] EDIT app1/models/accounting.py: 0
[2015-10-14 14:25:09] EDIT app1/models/accounting.py: 1
[2015-10-14 14:26:12] EDIT app1/models/accounting.py: 2
[2015-10-14 14:27:38] EDIT app1/models/accounting.py: 1
[2015-10-14 14:29:29] EDIT app1/models/db.py: 0
[2015-10-14 14:31:03] EDIT app1/controllers/default.py: -7
[2015-10-14 14:31:44] EDIT app1/views/default/index.html: -47
[2015-10-14 14:33:27] EDIT app1/models/accounting.py: 0
[2015-10-14 14:36:59] EDIT app1/models/accounting.py: 0
[2015-10-14 14:37:34] EDIT app1/models/accounting.py: 0
[2015-10-14 14:37:53] CREATE dbacc.py: 0
[2015-10-14 14:38:18] EDIT app1/models/dbacc.py: 8
[2015-10-14 14:38:31] DELETE app1/models/accounting.py: -8
[2015-10-14 15:04:55] EDIT app1/models/dbacc.py: 1
[2015-10-14 15:06:30] EDIT app1/models/dbacc.py: 0
[2015-10-14 15:09:32] EDIT app1/models/dbacc.py: 0
[2015-10-14 15:10:49] EDIT app1/models/dbacc.py: 0
[2015-10-14 15:11:06] EDIT app1/models/dbacc.py: 0
[2015-10-14 15:11:57] EDIT app1/models/dbacc.py: 0
[2015-10-14 15:13:08] EDIT app1/models/dbacc.py: 0
[2015-10-14 15:17:58] EDIT app1/models/dbacc.py: 1
[2015-10-14 16:06:48] EDIT app1/models/dbacc.py: 0
[2015-10-14 16:09:24] EDIT app1/models/dbacc.py: 0
[2015-10-14 16:09:54] EDIT app1/models/dbacc.py: 0
[2015-10-14 16:32:17] EDIT app1/models/dbacc.py: 0
[2015-10-14 16:37:39] EDIT app1/models/dbacc.py: 0
[2015-10-14 16:37:48] EDIT app1/models/dbacc.py: 0
[2015-10-14 16:38:19] EDIT app1/models/dbacc.py: 0
[2015-10-14 16:39:39] EDIT app1/models/dbacc.py: 0
[2015-10-14 16:51:14] EDIT app1/models/dbacc.py: 1
[2015-10-14 16:51:21] EDIT app1/models/dbacc.py: 0
[2015-10-14 16:51:51] EDIT app1/models/dbacc.py: 0
[2015-10-14 16:52:03] EDIT app1/models/dbacc.py: 0
[2015-10-14 16:52:22] EDIT app1/models/dbacc.py: 0
[2015-10-14 16:52:25] EDIT app1/models/dbacc.py: 0
[2015-10-14 17:03:22] EDIT app1/models/dbacc.py: 2
[2015-10-14 17:11:08] EDIT app1/models/dbacc.py: 0
[2015-10-14 17:11:50] EDIT app1/models/dbacc.py: 0
[2015-10-14 17:12:09] EDIT app1/models/dbacc.py: 0
[2015-10-14 17:12:58] EDIT app1/models/dbacc.py: 0
[2015-10-14 17:23:09] EDIT app1/models/dbacc.py: 1
[2015-10-14 17:26:10] EDIT app1/models/dbacc.py: 1
[2015-10-14 19:40:53] EDIT app1/models/dbacc.py: 2
[2015-10-14 19:49:51] EDIT app1/controllers/default.py: 3
[2015-10-14 19:52:39] EDIT app1/views/default/index.html: 3
[2015-10-14 19:52:57] EDIT app1/views/default/index.html: 0
[2015-10-14 19:53:33] EDIT app1/models/dbacc.py: 0
[2015-10-14 19:54:19] EDIT app1/views/default/index.html: 0
[2015-10-14 19:54:48] EDIT app1/views/default/index.html: 0
[2015-10-14 19:55:19] EDIT app1/views/default/index.html: 0
[2015-10-14 19:55:47] EDIT app1/views/default/index.html: 0
[2015-10-14 19:55:56] EDIT app1/views/default/index.html: 0
[2015-10-14 19:58:05] EDIT app1/models/dbacc.py: 1
[2015-10-14 19:59:46] EDIT app1/controllers/default.py: 2
[2015-10-14 20:00:51] EDIT app1/controllers/default.py: 1
[2015-10-14 20:01:16] EDIT app1/controllers/default.py: 0
[2015-10-14 20:02:54] EDIT app1/models/dbacc.py: 0
[2015-10-14 20:04:37] EDIT app1/models/dbacc.py: 0
[2015-10-14 20:05:06] EDIT app1/models/dbacc.py: 0
[2015-10-14 20:06:35] EDIT app1/controllers/default.py: 0
[2015-10-14 20:06:42] EDIT app1/controllers/default.py: 0
[2015-10-14 20:07:27] EDIT app1/models/dbacc.py: 0
[2015-10-14 20:07:45] EDIT app1/models/dbacc.py: 0
[2015-10-14 20:08:34] EDIT app1/models/dbacc.py: 0
[2015-10-14 20:13:42] EDIT app1/controllers/default.py: 2
[2015-10-14 20:14:04] EDIT app1/controllers/default.py: 0
[2015-10-14 20:14:30] EDIT app1/controllers/default.py: 1
[2015-10-14 20:16:43] EDIT app1/controllers/default.py: 2
[2015-10-14 20:16:49] EDIT app1/controllers/default.py: 0
[2015-10-14 20:18:51] EDIT app1/views/default/index.html: 3
[2015-10-14 20:19:03] EDIT app1/views/default/index.html: 0
[2015-10-14 20:20:24] EDIT app1/views/default/index.html: 0
[2015-10-14 20:21:09] EDIT app1/controllers/default.py: 1
[2015-10-14 20:24:05] EDIT app1/models/dbacc.py: 2
[2015-10-14 20:29:57] EDIT app1/models/dbacc.py: -1
[2015-10-14 20:31:03] EDIT app1/models/dbacc.py: 0
[2015-10-14 20:31:08] EDIT app1/models/dbacc.py: 0
[2015-10-14 20:31:39] EDIT app1/models/dbacc.py: 0
[2015-10-14 20:32:30] EDIT app1/models/dbacc.py: 1
[2015-10-14 20:32:33] EDIT app1/models/dbacc.py: 0
[2015-10-14 20:32:53] EDIT app1/models/dbacc.py: 0
[2015-10-14 20:35:01] EDIT app1/models/dbacc.py: 0
[2015-10-14 20:35:25] EDIT app1/models/dbacc.py: 0
[2015-10-14 20:36:18] EDIT app1/models/dbacc.py: 0
[2015-10-14 20:37:13] EDIT app1/models/dbacc.py: 0
[2015-10-14 20:47:33] EDIT app1/models/dbacc.py: 0
[2015-10-14 20:48:13] EDIT app1/models/dbacc.py: 1
[2015-10-14 20:48:34] EDIT app1/models/dbacc.py: 0
[2015-10-14 20:48:55] EDIT app1/models/dbacc.py: 0
[2015-10-14 20:48:56] EDIT app1/models/dbacc.py: 0
[2015-10-14 20:49:10] EDIT app1/models/dbacc.py: 0
[2015-10-14 20:49:27] EDIT app1/models/dbacc.py: 0
[2015-10-14 20:49:55] EDIT app1/models/dbacc.py: 0
[2015-10-14 20:52:33] EDIT app1/models/dbacc.py: 0
[2015-10-14 20:52:53] EDIT app1/models/dbacc.py: 0
[2015-10-14 20:53:11] EDIT app1/models/dbacc.py: 0
[2015-10-14 20:56:11] EDIT app1/models/dbacc.py: 0
[2015-10-14 20:59:35] EDIT app1/models/dbacc.py: 0
[2015-10-14 20:59:48] EDIT app1/models/dbacc.py: 0
[2015-10-14 21:00:48] EDIT app1/models/dbacc.py: 0
[2015-10-14 21:02:30] EDIT app1/models/dbacc.py: 0
[2015-10-14 21:03:17] EDIT app1/models/dbacc.py: 0
[2015-10-14 21:03:41] EDIT app1/models/dbacc.py: 0
[2015-10-14 21:04:00] EDIT app1/models/dbacc.py: 0
[2015-10-14 21:04:27] EDIT app1/models/dbacc.py: 0
[2015-10-14 21:04:46] EDIT app1/models/dbacc.py: 0
[2015-10-14 21:07:30] EDIT app1/models/dbacc.py: 0
[2015-10-14 21:10:40] EDIT app1/models/dbacc.py: 1
[2015-10-14 21:10:43] EDIT app1/models/dbacc.py: 0
[2015-10-14 21:11:58] EDIT app1/models/dbacc.py: 0
[2015-10-14 21:12:37] EDIT app1/models/dbacc.py: 0
[2015-10-14 21:14:13] EDIT app1/models/dbacc.py: 0
[2015-10-14 21:14:52] EDIT app1/models/dbacc.py: 0
[2015-10-14 21:14:56] EDIT app1/models/dbacc.py: 0
[2015-10-14 21:15:14] EDIT app1/models/dbacc.py: 0
[2015-10-14 21:17:17] EDIT app1/models/dbacc.py: 0
[2015-10-14 21:18:15] EDIT app1/models/dbacc.py: 0
[2015-10-14 21:18:17] EDIT app1/models/dbacc.py: 0
[2015-10-14 21:18:27] EDIT app1/models/dbacc.py: 0
[2015-10-14 21:20:10] CREATE reports.py: 0
[2015-10-14 21:21:50] EDIT app1/controllers/reports.py: 2
[2015-10-14 21:24:15] EDIT app1/controllers/reports.py: 0
[2015-10-14 21:29:55] EDIT app1/controllers/reports.py: 4
[2015-10-14 21:30:39] EDIT app1/controllers/reports.py: 0
[2015-10-14 21:34:02] EDIT app1/controllers/reports.py: 2
[2015-10-14 21:36:53] EDIT app1/controllers/reports.py: 0
[2015-10-14 21:37:00] EDIT app1/controllers/reports.py: 0
[2015-10-14 21:37:10] EDIT app1/controllers/reports.py: 1
[2015-10-14 21:38:29] EDIT app1/controllers/reports.py: 0
[2015-10-14 21:41:34] CREATE reports/today_orders.html: 0
[2015-10-14 21:42:35] EDIT app1/views/reports/today_orders.html: 3
[2015-10-14 21:44:05] EDIT app1/controllers/reports.py: 1
[2015-10-14 21:45:26] EDIT app1/controllers/reports.py: 0
[2015-10-14 21:45:38] EDIT app1/controllers/reports.py: 0
[2015-10-14 21:46:54] EDIT app1/controllers/reports.py: 1
[2015-10-14 21:48:11] EDIT app1/controllers/reports.py: 1
[2015-10-14 21:48:59] EDIT app1/controllers/reports.py: 0
[2015-10-14 21:50:57] EDIT app1/controllers/reports.py: 0
[2015-10-14 21:51:35] EDIT app1/controllers/reports.py: 0
[2015-10-14 21:53:31] EDIT app1/views/reports/today_orders.html: -1
[2015-10-14 21:54:33] EDIT app1/controllers/reports.py: 0
[2015-10-14 21:57:30] EDIT app1/controllers/reports.py: 1
[2015-10-14 22:02:35] EDIT app1/controllers/reports.py: 0
[2015-10-14 22:03:07] EDIT app1/controllers/reports.py: -1
[2015-10-14 22:04:08] EDIT app1/controllers/reports.py: 1
[2015-10-14 22:04:25] EDIT app1/views/reports/today_orders.html: 1
[2015-10-14 22:06:56] EDIT app1/controllers/reports.py: 0
[2015-10-14 22:07:23] EDIT app1/controllers/reports.py: 0
[2015-10-14 22:07:45] EDIT app1/controllers/reports.py: 0
[2015-10-14 22:09:20] EDIT app1/controllers/reports.py: 0
[2015-10-14 22:10:41] EDIT app1/controllers/reports.py: 0
[2015-10-14 22:11:06] EDIT app1/controllers/reports.py: 0
[2015-10-14 22:11:59] EDIT app1/controllers/reports.py: 0
[2015-10-14 22:12:15] EDIT app1/controllers/reports.py: 0
[2015-10-14 22:12:45] EDIT app1/controllers/reports.py: 0
[2015-10-14 22:13:29] EDIT app1/controllers/reports.py: 0
[2015-10-14 22:16:00] EDIT app1/controllers/reports.py: 0
[2015-10-14 22:16:19] EDIT app1/controllers/reports.py: 0
[2015-10-14 22:28:07] EDIT app1/controllers/reports.py: 0
[2015-10-14 22:30:43] EDIT app1/controllers/reports.py: 0
[2015-10-14 22:33:15] EDIT app1/views/reports/today_orders.html: 0
[2015-10-14 22:36:10] EDIT app1/controllers/reports.py: 1
[2015-10-14 22:36:15] EDIT app1/controllers/reports.py: -1
[2015-10-14 22:39:09] EDIT app1/controllers/reports.py: 0
[2015-10-14 22:46:48] EDIT app1/controllers/reports.py: 3
[2015-10-14 22:47:08] EDIT app1/controllers/reports.py: 1
[2015-10-14 22:48:08] EDIT app1/controllers/reports.py: 0
[2015-10-14 22:48:47] EDIT app1/controllers/reports.py: 0
[2015-10-14 22:49:17] EDIT app1/controllers/reports.py: 1
[2015-10-14 23:04:27] EDIT app1/controllers/reports.py: 2
[2015-10-14 23:05:55] EDIT app1/controllers/reports.py: 2
[2015-10-14 23:06:13] EDIT app1/controllers/reports.py: 1
[2015-10-14 23:06:38] EDIT app1/controllers/reports.py: 0
[2015-10-14 23:14:09] EDIT app1/controllers/reports.py: 0
[2015-10-14 23:14:26] EDIT app1/controllers/reports.py: 0
[2015-10-14 23:14:39] EDIT app1/controllers/reports.py: 0
[2015-10-14 23:15:45] EDIT app1/controllers/reports.py: 0
[2015-10-14 23:20:12] EDIT app1/controllers/reports.py: 2
[2015-10-14 23:20:47] EDIT app1/controllers/reports.py: 0
[2015-10-14 23:20:59] EDIT app1/controllers/reports.py: 0
[2015-10-14 23:21:50] EDIT app1/controllers/reports.py: 0
[2015-10-14 23:22:51] EDIT app1/controllers/reports.py: 2
[2015-10-14 23:24:24] EDIT app1/controllers/reports.py: 0
[2015-10-14 23:27:01] EDIT app1/controllers/reports.py: 0
[2015-10-14 23:32:10] EDIT app1/controllers/reports.py: 0
[2015-10-14 23:32:21] EDIT app1/controllers/reports.py: 0
[2015-10-14 23:34:30] EDIT app1/controllers/reports.py: 1
[2015-10-14 23:34:52] EDIT app1/controllers/reports.py: 0
[2015-10-14 23:35:24] EDIT app1/controllers/reports.py: 0
[2015-10-14 23:35:29] EDIT app1/views/reports/today_orders.html: 1
[2015-10-14 23:36:22] EDIT app1/models/dbacc.py: 0
[2015-10-14 23:39:40] EDIT app1/views/reports/today_orders.html: 1
[2015-10-14 23:39:51] EDIT app1/views/reports/today_orders.html: 1
[2015-10-14 23:40:13] EDIT app1/views/reports/today_orders.html: 0
[2015-10-14 23:41:04] EDIT app1/views/reports/today_orders.html: 0
[2015-10-14 23:41:24] EDIT app1/views/reports/today_orders.html: 0
[2015-10-14 23:41:44] EDIT app1/views/reports/today_orders.html: 1
[2015-10-14 23:41:50] EDIT app1/views/reports/today_orders.html: 1
[2015-10-14 23:42:14] EDIT app1/views/reports/today_orders.html: 0
[2015-10-14 23:42:36] EDIT app1/views/reports/today_orders.html: 0
[2015-10-14 23:44:53] EDIT app1/views/reports/today_orders.html: 0
[2015-10-14 23:45:16] EDIT app1/views/reports/today_orders.html: 0
[2015-10-14 23:45:40] EDIT app1/views/reports/today_orders.html: 0
[2015-10-14 23:47:03] EDIT app1/views/reports/today_orders.html: 0
[2015-10-14 23:47:24] EDIT app1/views/reports/today_orders.html: 0
[2015-10-14 23:48:14] EDIT app1/views/reports/today_orders.html: 0
[2015-10-14 23:48:33] EDIT app1/views/reports/today_orders.html: 0
[2015-10-14 23:48:56] EDIT app1/views/reports/today_orders.html: 0
[2015-10-14 23:49:11] EDIT app1/views/reports/today_orders.html: 0
[2015-10-14 23:49:15] EDIT app1/views/reports/today_orders.html: 0
[2015-10-14 23:49:31] EDIT app1/views/reports/today_orders.html: 0
[2015-10-14 23:49:56] EDIT app1/views/reports/today_orders.html: 0
[2015-10-14 23:50:24] EDIT app1/controllers/reports.py: 0
[2015-10-14 23:51:15] EDIT app1/controllers/reports.py: 0
[2015-10-15 00:03:50] EDIT app1/views/reports/today_orders.html: 0
[2015-10-15 00:04:36] EDIT app1/views/reports/today_orders.html: 0
[2015-10-15 00:06:50] EDIT app1/views/reports/today_orders.html: 0
[2015-10-15 00:07:01] EDIT app1/views/reports/today_orders.html: 0
[2015-10-15 00:07:12] EDIT app1/views/reports/today_orders.html: 0
[2015-10-15 00:07:40] EDIT app1/views/reports/today_orders.html: 0
[2015-10-15 00:07:53] EDIT app1/views/reports/today_orders.html: 0
[2015-10-15 00:08:42] EDIT app1/views/reports/today_orders.html: 0
[2015-10-15 00:08:51] EDIT app1/views/reports/today_orders.html: 0
[2015-10-15 00:09:02] EDIT app1/views/reports/today_orders.html: 0
[2015-10-15 00:09:45] EDIT app1/views/reports/today_orders.html: 0
[2015-10-15 00:09:55] EDIT app1/views/reports/today_orders.html: 0
[2015-10-15 00:10:12] EDIT app1/views/reports/today_orders.html: 0
[2015-10-15 00:10:37] EDIT app1/views/reports/today_orders.html: 0
[2015-10-15 00:11:08] EDIT app1/views/reports/today_orders.html: 0
[2015-10-15 00:11:31] EDIT app1/views/reports/today_orders.html: 0
[2015-10-15 00:11:41] EDIT app1/views/reports/today_orders.html: 0
[2015-10-15 00:12:49] EDIT app1/views/reports/today_orders.html: 2
[2015-10-15 00:13:06] EDIT app1/views/reports/today_orders.html: 2
[2015-10-15 00:13:31] EDIT app1/views/reports/today_orders.html: 0
[2015-10-15 21:41:03] CREATE default/addoct.html: 0
[2015-10-15 21:42:15] CREATE default/addpord.html: 0
[2015-10-15 21:43:26] CREATE default/add_orday.html: 0
[2015-10-15 21:44:17] CREATE default/add_expe.html: 0
[2015-10-15 21:46:00] CREATE reports/all_orders.html: 0
[2015-10-15 21:46:46] CREATE reports/doc_report.html: 0
[2015-10-15 21:51:22] CREATE pages.html: 0
[2015-10-15 21:52:10] EDIT app1/views/default/index.html: 0
[2015-10-15 21:55:03] EDIT app1/views/pages.html: 4
[2015-10-15 21:55:34] EDIT app1/views/pages.html: 1
[2015-10-15 22:03:22] EDIT app1/views/pages.html: 5
[2015-10-15 22:03:48] EDIT app1/views/pages.html: 0
[2015-10-15 22:05:46] EDIT app1/views/pages.html: 2
[2015-10-15 22:15:32] EDIT app1/views/pages.html: 4
[2015-10-15 22:16:40] EDIT app1/views/pages.html: 2
[2015-10-15 22:18:21] EDIT app1/views/pages.html: 0
[2015-10-15 22:19:51] EDIT app1/views/pages.html: 5
[2015-10-15 22:21:00] EDIT app1/views/pages.html: 7
[2015-10-15 22:22:15] EDIT app1/views/pages.html: 0
[2015-10-15 22:24:14] EDIT app1/views/pages.html: 0
[2015-10-15 22:24:30] EDIT app1/views/default/index.html: -1
[2015-10-15 22:26:52] EDIT app1/views/pages.html: 0
[2015-10-15 22:27:19] EDIT app1/views/pages.html: 0
[2015-10-15 22:36:02] EDIT app1/views/pages.html: 0
[2015-10-15 22:36:17] EDIT app1/views/pages.html: 0
[2015-10-15 22:36:42] EDIT app1/views/pages.html: 0
[2015-10-15 22:37:09] EDIT app1/views/pages.html: 0
[2015-10-15 22:37:36] EDIT app1/views/pages.html: -2
[2015-10-15 22:38:51] EDIT app1/views/pages.html: 0
[2015-10-15 22:39:26] EDIT app1/views/pages.html: 0
[2015-10-15 22:39:55] EDIT app1/models/menu.py: 0
[2015-10-15 22:41:15] EDIT app1/views/pages.html: 0
[2015-10-15 22:42:39] EDIT app1/views/pages.html: 0
[2015-10-15 22:43:28] EDIT app1/views/pages.html: 2
[2015-10-15 22:43:48] EDIT app1/views/pages.html: 0
[2015-10-15 22:43:56] EDIT app1/views/pages.html: 0
[2015-10-15 22:47:30] EDIT app1/views/pages.html: 0
[2015-10-15 22:48:10] EDIT app1/views/pages.html: 0
[2015-10-15 22:48:32] EDIT app1/views/pages.html: 0
[2015-10-15 22:51:07] EDIT app1/models/menu.py: 0
[2015-10-15 22:51:18] EDIT app1/models/menu.py: 0
[2015-10-15 22:51:51] EDIT app1/models/menu.py: 0
[2015-10-15 22:52:58] EDIT app1/views/pages.html: 0
[2015-10-15 22:54:35] EDIT app1/views/pages.html: 0
[2015-10-15 22:59:26] EDIT app1/views/pages.html: 2
[2015-10-15 22:59:50] EDIT app1/views/pages.html: 2
[2015-10-15 23:03:05] EDIT app1/views/default/index.html: 8
[2015-10-15 23:03:34] EDIT app1/views/default/index.html: 2
[2015-10-15 23:03:50] EDIT app1/views/default/index.html: 0
[2015-10-15 23:04:13] EDIT app1/views/default/index.html: -2
[2015-10-15 23:04:20] EDIT app1/views/default/index.html: 0
[2015-10-15 23:06:15] EDIT app1/views/pages.html: 0
[2015-10-15 23:07:49] EDIT app1/views/pages.html: 0
[2015-10-15 23:13:17] EDIT app1/views/pages.html: 1
[2015-10-15 23:13:35] EDIT app1/views/pages.html: 0
[2015-10-15 23:14:18] EDIT app1/views/pages.html: 0
[2015-10-15 23:27:15] EDIT app1/views/pages.html: 0
[2015-10-15 23:37:42] EDIT app1/models/menu.py: 0
[2015-10-15 23:38:36] EDIT app1/models/menu.py: 0
[2015-10-15 23:40:39] EDIT app1/views/pages.html: 3
[2015-10-15 23:41:06] EDIT app1/views/pages.html: -5
[2015-10-15 23:44:30] EDIT app1/views/pages.html: 1
[2015-10-15 23:50:28] EDIT app1/views/pages.html: 0
[2015-10-15 23:54:06] EDIT app1/views/pages.html: 1
[2015-10-15 23:55:13] EDIT app1/views/pages.html: 0
[2015-10-15 23:56:51] EDIT app1/views/pages.html: 2
[2015-10-15 23:57:05] EDIT app1/views/pages.html: 0
[2015-10-15 23:58:34] EDIT app1/views/pages.html: 0
[2015-10-15 23:59:02] EDIT app1/views/pages.html: 0
[2015-10-16 10:55:57] EDIT app1/views/pages.html: 0
[2015-10-16 10:56:30] EDIT app1/views/pages.html: 0
[2015-10-16 10:56:42] EDIT app1/views/pages.html: 0
[2015-10-16 10:57:40] EDIT app1/views/pages.html: 0
[2015-10-16 10:57:59] EDIT app1/views/pages.html: 0
[2015-10-16 11:00:00] EDIT app1/views/default/index.html: 8
[2015-10-16 11:01:11] EDIT app1/views/default/index.html: 0
[2015-10-16 13:26:59] EDIT app1/views/pages.html: 1
[2015-10-16 13:27:29] EDIT app1/views/pages.html: 0
[2015-10-16 13:29:51] EDIT app1/views/pages.html: 0
[2015-10-16 13:30:22] EDIT app1/views/pages.html: -1
[2015-10-16 13:31:06] EDIT app1/views/pages.html: 0
[2015-10-16 13:33:03] EDIT app1/views/default/index.html: 0
[2015-10-16 13:33:13] EDIT app1/views/default/index.html: 0
[2015-10-16 13:34:10] EDIT app1/views/default/index.html: 0
[2015-10-16 13:34:38] EDIT app1/views/default/index.html: 0
[2015-10-16 13:35:46] EDIT app1/views/default/index.html: 15
[2015-10-16 13:36:23] EDIT app1/views/default/index.html: 0
[2015-10-16 13:36:31] EDIT app1/views/default/index.html: 0
[2015-10-16 13:37:19] EDIT app1/views/pages.html: -4
[2015-10-16 13:37:50] EDIT app1/views/default/index.html: -14
[2015-10-16 13:39:21] EDIT app1/views/default/index.html: -6
[2015-10-16 13:39:51] EDIT app1/views/default/index.html: 1
[2015-10-16 13:40:01] EDIT app1/views/default/index.html: 0
[2015-10-16 13:41:23] EDIT app1/views/default/index.html: 3
[2015-10-16 13:41:31] EDIT app1/views/default/index.html: 0
[2015-10-16 13:42:15] EDIT app1/views/default/index.html: 2
[2015-10-16 13:51:23] EDIT app1/views/default/index.html: 3
[2015-10-16 13:56:57] EDIT app1/views/default/index.html: 0
[2015-10-16 14:04:34] EDIT app1/views/default/index.html: 0
[2015-10-16 14:05:02] EDIT app1/views/default/index.html: 0
[2015-10-16 14:05:18] EDIT app1/views/default/index.html: 0
[2015-10-16 14:07:09] EDIT app1/views/default/index.html: 0
[2015-10-16 14:08:07] EDIT app1/views/default/index.html: 0
[2015-10-16 14:21:00] EDIT app1/views/default/index.html: 0
[2015-10-16 14:30:45] EDIT app1/views/default/index.html: 0
[2015-10-16 14:32:35] EDIT app1/views/default/index.html: -8
[2015-10-16 14:32:47] EDIT app1/views/default/index.html: 0
[2015-10-16 14:32:52] EDIT app1/views/default/index.html: 0
[2015-10-16 14:52:11] EDIT app1/views/default/index.html: 0
[2015-10-16 17:06:14] EDIT app1/views/pages.html: 0
[2015-10-16 17:06:38] EDIT app1/views/pages.html: 0
[2015-10-16 17:07:25] EDIT app1/controllers/reports.py: 2
[2015-10-16 17:10:09] EDIT app1/controllers/default.py: 2
[2015-10-16 17:10:28] EDIT app1/controllers/default.py: 0
[2015-10-16 17:12:40] EDIT app1/views/pages.html: 0
[2015-10-16 17:46:33] EDIT app1/controllers/default.py: 2
[2015-10-16 17:47:11] EDIT app1/models/menu.py: 2
[2015-10-16 17:48:55] CREATE default/add_daily.html: 0
[2015-10-16 17:50:08] EDIT app1/views/pages.html: 1
[2015-10-16 17:50:52] EDIT app1/views/pages.html: 0
[2015-10-16 17:51:09] EDIT app1/views/pages.html: 0
[2015-10-16 17:51:27] EDIT app1/views/pages.html: 0
[2015-10-16 17:55:17] EDIT app1/views/default/index.html: -8
[2015-10-16 18:17:31] EDIT app1/views/default/add_daily.html: 16
[2015-10-16 18:17:58] EDIT app1/views/default/index.html: 0
[2015-10-16 18:18:28] EDIT app1/views/default/add_daily.html: 0
[2015-10-16 18:18:41] EDIT app1/controllers/default.py: 0
[2015-10-16 18:23:01] EDIT app1/views/addpages.html: 0
[2015-10-16 18:23:12] EDIT app1/views/default/add_daily.html: 0
[2015-10-16 18:25:02] CREATE reports/index.html: 0
[2015-10-16 18:26:20] EDIT app1/views/default/add_expe.html: 0
[2015-10-16 18:29:18] EDIT app1/views/default/add_expe.html: 0
[2015-10-16 18:29:39] EDIT app1/views/default/add_orday.html: 0
[2015-10-16 18:30:06] EDIT app1/views/default/add_orday.html: 0
[2015-10-16 18:32:52] EDIT app1/views/default/add_orday.html: 0
[2015-10-16 18:33:01] EDIT app1/views/default/add_orday.html: 1
[2015-10-16 18:35:55] EDIT app1/views/default/add_orday.html: 0
[2015-10-16 18:48:11] EDIT app1/views/default/add_orday.html: 0
[2015-10-16 18:48:29] EDIT app1/views/default/add_orday.html: 0
[2015-10-16 18:48:49] EDIT app1/views/default/add_orday.html: 0
[2015-10-16 18:49:27] EDIT app1/views/default/add_daily.html: 0
[2015-10-16 18:49:43] EDIT app1/views/default/add_daily.html: 0
[2015-10-16 18:53:12] EDIT app1/views/default/add_daily.html: 0
[2015-10-16 18:53:34] EDIT app1/views/default/add_daily.html: 0
[2015-10-16 18:53:45] EDIT app1/views/default/add_daily.html: 0
[2015-10-16 19:00:00] EDIT app1/views/default/add_daily.html: 0
[2015-10-16 19:00:29] EDIT app1/views/default/add_daily.html: 0
[2015-10-16 19:01:25] EDIT app1/views/default/add_orday.html: 0
[2015-10-16 19:01:47] EDIT app1/views/default/add_orday.html: 0
[2015-10-16 19:02:29] EDIT app1/views/default/add_orday.html: 1
[2015-10-16 19:03:23] EDIT app1/views/default/add_orday.html: 0
[2015-10-16 20:56:01] EDIT app1/controllers/reports.py: 2
[2015-10-16 21:02:29] EDIT app1/controllers/reports.py: 1
[2015-10-16 21:03:41] EDIT app1/controllers/reports.py: 1
[2015-10-16 21:05:29] EDIT app1/controllers/default.py: 0
[2015-10-16 21:06:36] EDIT app1/controllers/default.py: 0
[2015-10-16 21:06:50] EDIT app1/controllers/default.py: 0
[2015-10-16 21:07:08] EDIT app1/controllers/default.py: 0
[2015-10-16 21:08:26] EDIT app1/views/default/add_orday.html: 2
[2015-10-16 21:08:41] EDIT app1/views/default/add_orday.html: -1
[2015-10-16 21:09:58] EDIT app1/controllers/reports.py: 0
[2015-10-16 21:13:54] EDIT app1/controllers/reports.py: 0
[2015-10-16 21:19:40] EDIT app1/controllers/default.py: 0
[2015-10-16 21:21:16] EDIT app1/controllers/reports.py: 0
[2015-10-16 21:21:41] EDIT app1/controllers/reports.py: 0
[2015-10-16 21:22:54] EDIT app1/controllers/default.py: 0
[2015-10-16 21:23:03] EDIT app1/controllers/default.py: 0
[2015-10-16 21:27:00] EDIT app1/controllers/default.py: 0
[2015-10-16 21:27:14] EDIT app1/controllers/reports.py: 0
[2015-10-16 21:27:35] EDIT app1/controllers/reports.py: 0
[2015-10-16 21:28:16] EDIT app1/controllers/reports.py: 0
[2015-10-16 21:31:47] EDIT app1/controllers/default.py: 0
[2015-10-16 21:36:38] EDIT app1/controllers/default.py: 0
[2015-10-16 21:37:23] EDIT app1/controllers/reports.py: 0
[2015-10-16 21:37:54] EDIT app1/controllers/reports.py: 0
[2015-10-16 21:39:53] EDIT app1/controllers/default.py: 1
[2015-10-16 21:40:11] EDIT app1/controllers/reports.py: 0
[2015-10-16 21:41:34] EDIT app1/controllers/reports.py: 0
[2015-10-16 21:41:42] EDIT app1/controllers/reports.py: 0
[2015-10-16 21:42:20] EDIT app1/controllers/default.py: -1
[2015-10-16 21:42:48] EDIT app1/controllers/reports.py: 1
[2015-10-16 21:42:59] EDIT app1/controllers/reports.py: 0
[2015-10-16 21:43:25] EDIT app1/controllers/reports.py: 0
[2015-10-16 21:43:34] EDIT app1/controllers/reports.py: 0
[2015-10-16 21:44:03] EDIT app1/controllers/reports.py: 0
[2015-10-16 21:44:36] EDIT app1/controllers/default.py: 0
[2015-10-16 21:46:21] EDIT app1/controllers/default.py: 0
[2015-10-16 21:46:27] EDIT app1/controllers/default.py: 0
[2015-10-16 21:46:50] EDIT app1/controllers/default.py: 0
[2015-10-16 21:47:15] EDIT app1/controllers/default.py: 0
[2015-10-16 21:47:57] EDIT app1/controllers/default.py: 0
[2015-10-16 21:50:04] EDIT app1/controllers/default.py: 0
[2015-10-16 21:50:11] EDIT app1/controllers/default.py: 0
[2015-10-16 21:50:43] EDIT app1/controllers/default.py: 0
[2015-10-16 21:50:47] EDIT app1/controllers/default.py: 0
[2015-10-16 21:51:27] EDIT app1/controllers/default.py: 0
[2015-10-16 21:51:46] EDIT app1/controllers/default.py: 0
[2015-10-16 21:51:58] EDIT app1/controllers/default.py: 0
[2015-10-16 21:52:04] EDIT app1/controllers/default.py: 0
[2015-10-16 21:52:17] EDIT app1/controllers/default.py: 0
[2015-10-16 21:53:54] EDIT app1/controllers/default.py: 5
[2015-10-16 21:54:18] EDIT app1/controllers/default.py: 0
[2015-10-16 21:54:24] EDIT app1/controllers/default.py: 0
[2015-10-16 21:54:26] EDIT app1/controllers/default.py: 0
[2015-10-16 21:54:48] EDIT app1/controllers/default.py: 0
[2015-10-16 21:55:12] EDIT app1/controllers/default.py: -1
[2015-10-16 21:55:40] EDIT app1/controllers/default.py: 0
[2015-10-16 21:55:43] EDIT app1/controllers/reports.py: -5
[2015-10-17 05:35:11] CREATE default/view_order.html: 0
[2015-10-17 05:35:47] EDIT app1/views/default/view_order.html: -2
[2015-10-17 05:37:21] EDIT app1/views/default/add_daily.html: 0
[2015-10-17 05:37:37] EDIT app1/views/default/add_daily.html: 0
[2015-10-17 05:37:40] EDIT app1/views/default/add_daily.html: 0
[2015-10-17 05:38:44] EDIT app1/controllers/default.py: 0
[2015-10-17 05:41:05] EDIT app1/views/default/view_order.html: 4
[2015-10-17 05:41:27] EDIT app1/views/default/view_order.html: 1
[2015-10-17 05:41:40] EDIT app1/views/default/view_order.html: 0
[2015-10-17 05:41:53] EDIT app1/views/default/view_order.html: 0
[2015-10-17 05:42:03] EDIT app1/views/default/view_order.html: 0
[2015-10-17 05:42:17] EDIT app1/views/default/view_order.html: 0
[2015-10-17 05:42:40] EDIT app1/views/default/view_order.html: 0
[2015-10-17 05:43:06] EDIT app1/views/default/view_order.html: 0
[2015-10-17 05:43:21] EDIT app1/views/default/add_daily.html: 0
[2015-10-17 05:44:25] EDIT app1/views/default/view_order.html: 0
[2015-10-17 05:44:39] EDIT app1/views/default/view_order.html: 0
[2015-10-17 05:45:13] EDIT app1/views/default/view_order.html: 0
[2015-10-17 05:45:33] EDIT app1/views/default/view_order.html: 0
[2015-10-17 05:46:00] EDIT app1/views/default/view_order.html: 0
[2015-10-17 05:47:38] EDIT app1/views/default/view_order.html: 1
[2015-10-17 05:48:33] EDIT app1/views/default/view_order.html: 0
[2015-10-17 05:48:51] EDIT app1/views/default/view_order.html: 0
[2015-10-17 05:57:42] EDIT app1/views/default/view_order.html: 5
[2015-10-17 05:58:38] EDIT app1/views/default/view_order.html: 3
[2015-10-17 05:59:01] EDIT app1/views/default/view_order.html: 0
[2015-10-17 05:59:33] EDIT app1/views/default/view_order.html: -2
[2015-10-17 05:59:57] EDIT app1/views/default/view_order.html: 0
[2015-10-17 06:02:12] EDIT app1/models/dbacc.py: 0
[2015-10-17 06:05:38] EDIT app1/views/default/view_order.html: -1
[2015-10-17 06:06:08] EDIT app1/views/default/view_order.html: 0
[2015-10-17 06:08:07] EDIT app1/views/default/view_order.html: 3
[2015-10-17 06:09:59] EDIT app1/models/dbacc.py: 1
[2015-10-17 06:10:08] EDIT app1/models/dbacc.py: 0
[2015-10-17 06:12:48] EDIT app1/models/dbacc.py: 0
[2015-10-17 06:13:34] EDIT app1/models/dbacc.py: 0
[2015-10-17 06:15:27] EDIT app1/models/dbacc.py: 0
[2015-10-17 06:16:21] EDIT app1/models/dbacc.py: 0
[2015-10-17 06:16:34] EDIT app1/models/dbacc.py: 0
[2015-10-17 06:17:23] EDIT app1/models/dbacc.py: 0
[2015-10-17 06:21:55] EDIT app1/views/default/view_order.html: 1
[2015-10-17 06:23:50] EDIT app1/models/dbacc.py: 0
[2015-10-17 06:24:03] EDIT app1/models/dbacc.py: 0
[2015-10-17 06:28:03] EDIT app1/views/default/view_order.html: 1
[2015-10-17 06:29:55] EDIT app1/views/default/view_order.html: 0
[2015-10-17 06:30:04] EDIT app1/views/default/view_order.html: 0
[2015-10-17 06:30:22] EDIT app1/views/default/view_order.html: 0
[2015-10-17 06:31:16] EDIT app1/controllers/default.py: 4
[2015-10-17 06:31:47] EDIT app1/controllers/default.py: 0
[2015-10-17 06:32:06] EDIT app1/controllers/default.py: 0
[2015-10-17 06:32:54] EDIT app1/controllers/default.py: 0
[2015-10-17 06:33:31] EDIT app1/views/default/view_order.html: 0
[2015-10-17 06:34:10] EDIT app1/views/default/view_order.html: 0
[2015-10-17 06:36:42] EDIT app1/views/default/view_order.html: 0
[2015-10-17 06:48:22] EDIT app1/controllers/default.py: 7
[2015-10-17 06:48:42] EDIT app1/controllers/default.py: 0
[2015-10-17 06:49:31] EDIT app1/controllers/default.py: 0
[2015-10-17 06:50:21] EDIT app1/controllers/default.py: 0
[2015-10-17 06:51:55] EDIT app1/controllers/default.py: 0
[2015-10-17 06:51:58] EDIT app1/controllers/default.py: -1
[2015-10-17 06:52:01] EDIT app1/controllers/default.py: 0
[2015-10-17 06:55:03] CREATE default/edit_order.html: 0
[2015-10-17 06:55:57] EDIT app1/views/default/view_order.html: 2
[2015-10-17 06:57:14] EDIT app1/views/default/edit_order.html: 2
[2015-10-17 06:57:38] EDIT app1/controllers/default.py: 0
[2015-10-17 06:57:52] EDIT app1/views/default/edit_order.html: 1
[2015-10-17 06:58:42] EDIT app1/views/default/edit_order.html: 0
[2015-10-17 07:01:03] EDIT app1/controllers/default.py: 0
[2015-10-17 07:01:06] EDIT app1/controllers/default.py: 0
[2015-10-17 07:04:17] EDIT app1/controllers/default.py: 0
[2015-10-17 07:05:13] EDIT app1/controllers/default.py: 0
[2015-10-17 07:05:44] EDIT app1/controllers/default.py: 0
[2015-10-17 07:08:06] EDIT app1/views/addpages.html: 1
[2015-10-17 07:08:15] EDIT app1/views/pages.html: 1
[2015-10-17 07:10:33] EDIT app1/views/pages.html: 1
[2015-10-17 07:10:41] EDIT app1/views/addpages.html: 1
[2015-10-17 07:13:01] EDIT app1/views/pages.html: 1
[2015-10-17 07:13:11] EDIT app1/views/addpages.html: 1
[2015-10-17 07:16:14] EDIT app1/views/addpages.html: 0
[2015-10-17 07:18:28] EDIT app1/views/default/index.html: 29
[2015-10-17 07:18:42] EDIT app1/views/default/index.html: 7
[2015-10-17 07:19:26] EDIT app1/views/default/index.html: 0
[2015-10-17 07:22:21] EDIT app1/models/dbacc.py: 0
[2015-10-17 07:23:06] EDIT app1/models/dbacc.py: 0
[2015-10-17 07:23:43] EDIT app1/models/dbacc.py: 0
[2015-10-17 07:24:28] EDIT app1/models/dbacc.py: 0
[2015-10-17 07:28:13] EDIT app1/models/dbacc.py: 0
[2015-10-17 07:28:19] EDIT app1/views/default/index.html: 0
[2015-10-17 07:29:24] EDIT app1/views/default/add_expe.html: 3
[2015-10-17 07:33:16] EDIT app1/views/generic.html: 0
[2015-10-17 07:38:11] EDIT app1/views/addpages.html: 1
[2015-10-17 07:39:24] EDIT app1/views/pages.html: 1
[2015-10-17 07:41:18] EDIT app1/controllers/default.py: 0
[2015-10-17 07:41:42] EDIT app1/controllers/default.py: 4
[2015-10-17 07:41:59] EDIT app1/controllers/default.py: 0
[2015-10-17 07:43:39] CREATE default/view_expe.html: 0
[2015-10-17 07:45:22] EDIT app1/views/default/view_expe.html: 6
[2015-10-17 07:46:35] EDIT app1/views/default/view_expe.html: 0
[2015-10-17 07:47:08] EDIT app1/views/default/view_expe.html: 0
[2015-10-17 07:48:40] EDIT app1/views/default/view_expe.html: 0
[2015-10-17 07:50:55] EDIT app1/views/default/view_expe.html: 3
[2015-10-17 07:52:34] EDIT app1/views/default/view_expe.html: 0
[2015-10-17 07:52:42] EDIT app1/views/default/view_expe.html: 0
[2015-10-17 07:53:08] EDIT app1/views/default/view_expe.html: 0
[2015-10-17 07:53:16] EDIT app1/views/default/view_expe.html: 0
[2015-10-17 07:53:36] EDIT app1/views/default/view_expe.html: 0
[2015-10-17 07:54:00] EDIT app1/views/default/view_expe.html: 0
[2015-10-17 07:55:45] EDIT app1/controllers/default.py: 4
[2015-10-17 07:55:59] EDIT app1/controllers/default.py: 0
[2015-10-17 07:56:49] CREATE default/edit_expe.html: 0
[2015-10-17 07:57:34] EDIT app1/views/default/edit_expe.html: 3
[2015-10-17 07:58:42] EDIT app1/controllers/default.py: 0
[2015-10-17 07:59:23] EDIT app1/controllers/default.py: 0
[2015-10-17 08:00:18] EDIT app1/controllers/default.py: 0
[2015-10-17 08:00:54] EDIT app1/controllers/default.py: 6
[2015-10-17 08:01:20] EDIT app1/controllers/default.py: 6
[2015-10-17 08:01:34] EDIT app1/controllers/default.py: 0
[2015-10-17 08:01:57] EDIT app1/controllers/default.py: 6
[2015-10-17 08:02:34] EDIT app1/controllers/default.py: 6
[2015-10-17 08:03:09] EDIT app1/controllers/default.py: 6
[2015-10-17 08:03:26] EDIT app1/controllers/default.py: 0
[2015-10-18 00:35:57] EDIT app1/views/default/view_order.html: 0
[2015-10-18 00:39:58] EDIT app1/views/default/view_order.html: 0
[2015-10-18 00:42:20] EDIT app1/views/default/view_order.html: 0
[2015-10-18 00:43:21] EDIT app1/views/default/view_order.html: 0
[2015-10-18 00:45:39] EDIT app1/views/default/view_order.html: 3
[2015-10-18 00:45:54] EDIT app1/views/default/view_order.html: 0
[2015-10-18 00:46:31] EDIT app1/views/default/view_order.html: -3
[2015-10-18 00:49:35] EDIT app1/views/default/view_order.html: 2
[2015-10-18 01:36:35] EDIT app1/controllers/reports.py: 0
[2015-10-18 01:38:31] EDIT app1/controllers/reports.py: 9
[2015-10-18 01:38:50] EDIT app1/controllers/reports.py: 1
[2015-10-18 01:39:02] EDIT app1/controllers/reports.py: 0
[2015-10-18 01:39:15] EDIT app1/controllers/reports.py: 0
[2015-10-18 01:39:24] EDIT app1/controllers/reports.py: -1
[2015-10-18 01:41:49] EDIT app1/controllers/reports.py: -1
[2015-10-18 01:42:30] EDIT app1/controllers/reports.py: 0
[2015-10-18 01:44:57] EDIT app1/controllers/reports.py: 0
[2015-10-18 01:45:46] EDIT app1/controllers/reports.py: 0
[2015-10-18 01:47:09] EDIT app1/controllers/reports.py: 0
[2015-10-18 01:53:04] EDIT app1/controllers/reports.py: 0
[2015-10-18 01:54:06] EDIT app1/controllers/reports.py: 0
[2015-10-18 01:56:48] EDIT app1/controllers/reports.py: 0
[2015-10-18 01:57:35] EDIT app1/controllers/reports.py: -2
[2015-10-18 01:59:17] EDIT app1/controllers/reports.py: 2
[2015-10-18 01:59:31] EDIT app1/controllers/reports.py: 0
[2015-10-18 02:01:40] EDIT app1/controllers/reports.py: 2
[2015-10-18 02:01:48] EDIT app1/controllers/reports.py: 0
[2015-10-18 02:04:18] EDIT app1/controllers/reports.py: 6
[2015-10-18 02:04:53] EDIT app1/controllers/reports.py: 0
[2015-10-18 02:10:01] EDIT app1/controllers/reports.py: 1
[2015-10-18 02:10:24] EDIT app1/controllers/reports.py: 0
[2015-10-18 02:15:06] EDIT app1/controllers/reports.py: -4
[2015-10-18 02:21:42] EDIT app1/controllers/reports.py: 0
[2015-10-18 02:21:48] EDIT app1/controllers/reports.py: 0
[2015-10-18 02:22:17] EDIT app1/controllers/reports.py: 0
[2015-10-18 02:22:42] EDIT app1/controllers/reports.py: -3
[2015-10-18 02:23:38] EDIT app1/controllers/reports.py: 1
[2015-10-18 02:25:50] EDIT app1/controllers/reports.py: 0
[2015-10-18 02:26:23] EDIT app1/controllers/reports.py: 0
[2015-10-18 02:26:25] EDIT app1/controllers/reports.py: 0
[2015-10-18 02:27:04] EDIT app1/controllers/reports.py: 1
[2015-10-18 02:27:28] EDIT app1/controllers/reports.py: -1
[2015-10-18 02:29:54] EDIT app1/controllers/reports.py: -1
[2015-10-18 02:32:10] EDIT app1/controllers/reports.py: 0
[2015-10-18 02:33:00] EDIT app1/controllers/reports.py: 0
[2015-10-18 02:34:29] EDIT app1/controllers/reports.py: 0
[2015-10-18 02:34:34] EDIT app1/controllers/reports.py: -1
[2015-10-18 02:35:25] EDIT app1/controllers/reports.py: 0
[2015-10-18 02:36:17] EDIT app1/controllers/reports.py: 0
[2015-10-18 02:37:05] EDIT app1/controllers/reports.py: 1
[2015-10-18 02:37:29] EDIT app1/controllers/reports.py: 0
[2015-10-18 02:42:58] EDIT app1/controllers/reports.py: 0
[2015-10-18 02:49:08] EDIT app1/controllers/reports.py: 0
[2015-10-18 02:49:28] EDIT app1/controllers/reports.py: 0
[2015-10-18 02:50:20] EDIT app1/controllers/reports.py: 0
[2015-10-18 02:53:56] EDIT app1/controllers/reports.py: 0
[2015-10-18 02:54:29] EDIT app1/controllers/reports.py: 0
[2015-10-18 02:56:58] EDIT app1/controllers/reports.py: 0
[2015-10-18 03:00:30] EDIT app1/controllers/default.py: 0
[2015-10-18 03:01:24] EDIT app1/views/default/edit_order.html: 0
[2015-10-18 03:03:13] EDIT app1/controllers/reports.py: 1
[2015-10-18 03:09:41] EDIT app1/controllers/reports.py: 2
[2015-10-18 03:09:50] EDIT app1/controllers/reports.py: 0
[2015-10-18 03:10:20] EDIT app1/controllers/reports.py: 0
[2015-10-18 03:11:36] EDIT app1/views/reports/orders.html: 0
[2015-10-18 03:11:54] EDIT app1/views/reports/orders.html: 0
[2015-10-18 03:12:50] EDIT app1/controllers/reports.py: -1
[2015-10-18 03:14:31] EDIT app1/controllers/reports.py: -10
[2015-10-18 03:14:57] EDIT app1/controllers/reports.py: 0
[2015-10-18 03:15:41] DELETE app1/views/reports/today_orders.html: -15
[2015-10-18 03:16:19] EDIT app1/views/reports/orders.html: 1
[2015-10-18 03:17:13] EDIT app1/views/reports/orders.html: 2
[2015-10-18 03:17:34] EDIT app1/views/reports/orders.html: 2
[2015-10-18 03:17:49] EDIT app1/views/reports/orders.html: 0
[2015-10-18 03:18:32] EDIT app1/views/reports/orders.html: 1
[2015-10-18 03:18:46] EDIT app1/views/reports/orders.html: 1
[2015-10-18 03:19:37] EDIT app1/views/reports/orders.html: 1
[2015-10-18 03:19:50] EDIT app1/views/reports/orders.html: 0
[2015-10-18 03:21:46] EDIT app1/views/reports/orders.html: 2
[2015-10-18 03:24:35] EDIT app1/views/reports/orders.html: 7
[2015-10-18 03:25:00] EDIT app1/views/reports/orders.html: 1
[2015-10-18 03:26:37] EDIT app1/views/reports/orders.html: 1
[2015-10-18 03:27:54] EDIT app1/views/reports/orders.html: 0
[2015-10-18 03:28:12] EDIT app1/views/reports/orders.html: 0
[2015-10-18 03:28:22] EDIT app1/views/reports/orders.html: 0
[2015-10-18 03:28:54] EDIT app1/views/reports/orders.html: 0
[2015-10-18 03:29:42] EDIT app1/views/reports/orders.html: 0
[2015-10-18 03:29:57] EDIT app1/views/reports/orders.html: 0
[2015-10-18 03:30:32] EDIT app1/views/reports/orders.html: 0
[2015-10-18 03:31:10] EDIT app1/views/reports/orders.html: 0
[2015-10-18 03:31:59] EDIT app1/views/reports/orders.html: 0
[2015-10-19 02:24:06] EDIT app1/controllers/reports.py: 1
[2015-10-19 02:24:44] EDIT app1/controllers/reports.py: 0
[2015-10-19 02:27:21] EDIT app1/controllers/reports.py: 2
[2015-10-19 02:28:15] EDIT app1/controllers/reports.py: 1
[2015-10-19 02:30:52] EDIT app1/views/reports/index.html: 0
[2015-10-19 02:32:46] EDIT app1/views/reports/orders.html: -2
[2015-10-19 02:33:42] EDIT app1/controllers/reports.py: 2
[2015-10-19 02:33:47] EDIT app1/controllers/reports.py: 0
[2015-10-19 02:35:08] EDIT app1/views/reports/orders.html: 0
[2015-10-19 02:36:29] EDIT app1/controllers/reports.py: 0
[2015-10-19 02:59:45] EDIT app1/controllers/reports.py: -2
[2015-10-19 03:03:07] EDIT app1/controllers/reports.py: 0
[2015-10-19 03:04:02] EDIT app1/controllers/reports.py: 0
[2015-10-19 03:05:37] EDIT app1/controllers/reports.py: 0
[2015-10-19 03:05:47] EDIT app1/controllers/reports.py: 0
[2015-10-19 03:06:53] EDIT app1/controllers/reports.py: 0
[2015-10-19 03:07:25] EDIT app1/controllers/reports.py: -1
[2015-10-19 03:07:54] EDIT app1/views/reports/index.html: 0
[2015-10-19 03:08:29] EDIT app1/views/reports/index.html: 0
[2015-10-19 03:09:20] EDIT app1/views/reports/index.html: 0
[2015-10-19 03:11:33] EDIT app1/views/reports/doc_report.html: 20
[2015-10-19 03:12:37] EDIT app1/controllers/reports.py: 1
[2015-10-19 03:12:48] EDIT app1/controllers/reports.py: 0
